<?xml version="1.0" encoding="UTF-8"?>
<!-- Generated by org.testng.reporters.JUnitReportReporter -->
<testsuite hostname="DESKTOP-66BAJ88" failures="0" tests="1" name="modules.ApplyLeave" time="0.565" errors="0" timestamp="2023-10-05T07:42:30 IST" skipped="0">
  <testcase classname="modules.ApplyLeave" name="navigateToApplyLeaveModule" time="0.565"/>
</testsuite> <!-- modules.ApplyLeave -->
