<?xml version="1.0" encoding="UTF-8"?>
<!-- Generated by org.testng.reporters.JUnitReportReporter -->
<testsuite hostname="DESKTOP-66BAJ88" failures="0" tests="1" name="modules.TimeSheet" time="2.367" errors="0" timestamp="2023-10-05T07:42:30 IST" skipped="0">
  <testcase classname="modules.TimeSheet" name="clickOnTimeSheet" time="2.367"/>
</testsuite> <!-- modules.TimeSheet -->
